<?xml version="1.0" encoding="UTF-8"?>
<!-- Generated by org.testng.reporters.JUnitReportReporter -->
<testsuite hostname="TG-DKTOP-0110" failures="0" tests="3" name="WebApplication.Day2" time="0.022" errors="0" timestamp="2022-10-07T18:00:24 IST" skipped="0">
  <testcase classname="WebApplication.Day2" name="Adding" time="0.004"/>
  <system-out/>
  <testcase classname="WebApplication.Day2" name="Add" time="0.015"/>
  <system-out/>
  <testcase classname="WebApplication.Day2" name="Addition" time="0.003"/>
  <system-out/>
</testsuite> <!-- WebApplication.Day2 -->
